<?xml version="1.0" encoding="UTF-8"?>
<!-- Generated by org.testng.reporters.JUnitXMLReporter -->
<testsuite ignored="0" hostname="DESKTOP-BK5B56E" failures="1" tests="2" name="Automation Test" time="3.968" errors="0" timestamp="2023-11-13T19:33:53 COT">
  <testcase classname="testCases.TC001_RegisterUser" name="CheckAccesPage" time="0.047">
    <failure type="java.lang.AssertionError" message="expected [false] but found [true]">
      <![CDATA[java.lang.AssertionError: expected [false] but found [true]
at testCases.TC001_RegisterUser.CheckAccesPage(TC001_RegisterUser.java:32)
at java.base/java.util.ArrayList.forEach(ArrayList.java:1511)
at java.base/java.util.concurrent.FutureTask.run(FutureTask.java:264)
at java.base/java.util.concurrent.ThreadPoolExecutor.runWorker(ThreadPoolExecutor.java:1136)
at java.base/java.util.concurrent.ThreadPoolExecutor$Worker.run(ThreadPoolExecutor.java:635)
at java.base/java.lang.Thread.run(Thread.java:833)
... Removed 24 stack frames]]>
    </failure>
  </testcase> <!-- CheckAccesPage -->
  <testcase classname="testCases.TC001_RegisterUser" name="RegisterNewUser" time="0.0">
    <skipped/>
  </testcase> <!-- RegisterNewUser -->
</testsuite> <!-- Automation Test -->
